<?xml version="1.0" encoding="utf-8"?><testsuites name="pytest tests"><testsuite name="pytest" errors="0" failures="0" skipped="0" tests="47" time="19.472" timestamp="2026-06-04T12:46:12.095878+00:00" hostname="agent-env-850bd8fe-d05b-42ba-ae9b-b926ea0fade5"><testcase classname="backend.tests.backend_test" name="test_root" time="0.131" /><testcase classname="backend.tests.backend_test" name="test_login_invalid" time="0.103" /><testcase classname="backend.tests.backend_test" name="test_login_admin_success" time="0.379" /><testcase classname="backend.tests.backend_test" name="test_register_and_me" time="0.378" /><testcase classname="backend.tests.backend_test" name="test_register_duplicate" time="0.049" /><testcase classname="backend.tests.backend_test" name="test_list_modules_contains_created" time="0.099" /><testcase classname="backend.tests.backend_test" name="test_list_topics_filtered" time="0.096" /><testcase classname="backend.tests.backend_test" name="test_get_item" time="0.103" /><testcase classname="backend.tests.backend_test" name="test_search_knowledge" time="0.045" /><testcase classname="backend.tests.backend_test" name="test_list_resources" time="0.099" /><testcase classname="backend.tests.backend_test" name="test_admin_list_users" time="0.048" /><testcase classname="backend.tests.backend_test" name="test_user_cannot_list_users" time="0.050" /><testcase classname="backend.tests.backend_test" name="test_get_ai_config" time="0.087" /><testcase classname="backend.tests.backend_test" name="test_public_announcements_visible" time="0.189" /><testcase classname="backend.tests.backend_test" name="test_admin_analytics" time="0.052" /><testcase classname="backend.tests.backend_test" name="test_list_conversations" time="0.213" /><testcase classname="backend.tests.backend_test" name="test_send_message_sse" time="1.861" /><testcase classname="backend.tests.backend_test" name="test_submit_feedback" time="0.121" /><testcase classname="backend.tests.backend_test" name="test_create_ticket" time="0.057" /><testcase classname="backend.tests.backend_test" name="test_admin_sees_ticket" time="0.051" /><testcase classname="backend.tests.backend_test" name="test_list_trained_answers" time="0.105" /><testcase classname="backend.tests.backend_test" name="test_update_trained_answer" time="0.047" /><testcase classname="backend.tests.backend_test" name="test_delete_trained_answer" time="0.137" /><testcase classname="backend.tests.backend_test" name="test_user_cannot_access_trained_answers" time="0.068" /><testcase classname="backend.tests.backend_test" name="test_chat_no_kb_fallback" time="0.954" /><testcase classname="backend.tests.backend_test" name="test_chat_trained_answer_priority" time="1.233" /><testcase classname="backend.tests.iteration3_test.TestAnalyticsCharts" name="test_charts_endpoint" time="0.381" /><testcase classname="backend.tests.iteration3_test.TestAnalyticsCharts" name="test_charts_requires_auth" time="0.110" /><testcase classname="backend.tests.iteration3_test.TestAdminConversations" name="test_list_conversations" time="0.060" /><testcase classname="backend.tests.iteration3_test.TestAdminConversations" name="test_review_flow" time="0.998" /><testcase classname="backend.tests.iteration3_test.TestSuggestionConfig" name="test_ai_config_has_suggestion_fields" time="0.048" /><testcase classname="backend.tests.iteration3_test.TestSuggestionConfig" name="test_update_suggestion_config" time="0.145" /><testcase classname="backend.tests.iteration3_test.TestZeroHallucinationFlow" name="test_no_kb_match_returns_fallback_event" time="1.128" /><testcase classname="backend.tests.iteration3_test.TestZeroHallucinationFlow" name="test_fallback_config_endpoint" time="0.059" /><testcase classname="backend.tests.iteration4_test" name="test_kb_export_admin_success" time="0.374" /><testcase classname="backend.tests.iteration4_test" name="test_kb_export_unauthenticated_blocked" time="0.129" /><testcase classname="backend.tests.iteration4_test" name="test_kb_export_user_blocked" time="0.443" /><testcase classname="backend.tests.iteration4_test" name="test_list_general_questions" time="0.099" /><testcase classname="backend.tests.iteration4_test" name="test_update_general_question" time="0.056" /><testcase classname="backend.tests.iteration4_test" name="test_user_cannot_list_general_questions" time="0.055" /><testcase classname="backend.tests.iteration4_test" name="test_ai_config_multilingual_toggle" time="0.244" /><testcase classname="backend.tests.iteration4_test" name="test_chat_english_baseline" time="0.836" /><testcase classname="backend.tests.iteration4_test" name="test_chat_hindi_romanized" time="3.426" /><testcase classname="backend.tests.iteration4_test" name="test_chat_spanish_out_of_scope" time="2.994" /><testcase classname="backend.tests.iteration4_test" name="test_chat_english_out_of_scope_fallback" time="0.894" /><testcase classname="backend.tests.iteration4_test" name="test_admin_analytics_still_works" time="0.052" /><testcase classname="backend.tests.iteration4_test" name="test_admin_conversations_list" time="0.099" /></testsuite></testsuites>