<?xml version="1.0" encoding="utf-8"?><testsuites name="pytest tests"><testsuite name="pytest" errors="0" failures="0" skipped="0" tests="9" time="2.659" timestamp="2026-06-04T13:07:07.011850+00:00" hostname="agent-env-850bd8fe-d05b-42ba-ae9b-b926ea0fade5"><testcase classname="backend.tests.iteration5_test.TestMaxUserConversations" name="test_get_ai_config_default" time="0.489" /><testcase classname="backend.tests.iteration5_test.TestMaxUserConversations" name="test_update_max_user_conversations" time="0.134" /><testcase classname="backend.tests.iteration5_test.TestConversationLimit" name="test_overflow_truncated_and_cleaned" time="1.343" /><testcase classname="backend.tests.iteration5_test.TestMessageDetail" name="test_invalid_id_returns_4xx" time="0.061" /><testcase classname="backend.tests.iteration5_test.TestMessageDetail" name="test_missing_id_returns_404" time="0.056" /><testcase classname="backend.tests.iteration5_test.TestResetData" name="test_non_super_admin_forbidden" time="0.058" /><testcase classname="backend.tests.iteration5_test.TestResetData" name="test_super_admin_can_reset_and_kb_preserved" time="0.191" /><testcase classname="backend.tests.iteration5_test.TestKBExportRegression" name="test_export_kb" time="0.117" /><testcase classname="backend.tests.iteration5_test.TestTicketsBackendStillExists" name="test_admin_tickets_list" time="0.126" /></testsuite></testsuites>