<?xml version="1.0" encoding="utf-8"?><testsuites name="pytest tests"><testsuite name="pytest" errors="0" failures="0" skipped="0" tests="8" time="12.012" timestamp="2026-06-08T04:30:49.496760+00:00" hostname="agent-env-850bd8fe-d05b-42ba-ae9b-b926ea0fade5"><testcase classname="backend.tests.iteration8_test" name="test_direct_serve_verbatim_kb_question" time="2.691" /><testcase classname="backend.tests.iteration8_test" name="test_direct_serve_second_verbatim" time="1.000" /><testcase classname="backend.tests.iteration8_test" name="test_vague_query_returns_suggestions[extra charges]" time="0.829" /><testcase classname="backend.tests.iteration8_test" name="test_vague_query_returns_suggestions[sales invoice]" time="0.733" /><testcase classname="backend.tests.iteration8_test" name="test_context_enrichment_short_followup" time="4.924" /><testcase classname="backend.tests.iteration8_test" name="test_gap_tracking_suggestion_source" time="0.773" /><testcase classname="backend.tests.iteration8_test" name="test_gap_tracking_fallback_source" time="0.926" /><testcase classname="backend.tests.iteration8_test" name="test_zz_cleanup" time="0.054" /></testsuite></testsuites>