<?xml version="1.0" encoding="utf-8"?><testsuites name="pytest tests"><testsuite name="pytest" errors="0" failures="0" skipped="0" tests="13" time="10.952" timestamp="2026-06-04T12:45:20.536371+00:00" hostname="agent-env-850bd8fe-d05b-42ba-ae9b-b926ea0fade5"><testcase classname="backend.tests.iteration4_test" name="test_kb_export_admin_success" time="0.493" /><testcase classname="backend.tests.iteration4_test" name="test_kb_export_unauthenticated_blocked" time="0.105" /><testcase classname="backend.tests.iteration4_test" name="test_kb_export_user_blocked" time="0.460" /><testcase classname="backend.tests.iteration4_test" name="test_list_general_questions" time="0.157" /><testcase classname="backend.tests.iteration4_test" name="test_update_general_question" time="0.057" /><testcase classname="backend.tests.iteration4_test" name="test_user_cannot_list_general_questions" time="0.059" /><testcase classname="backend.tests.iteration4_test" name="test_ai_config_multilingual_toggle" time="0.279" /><testcase classname="backend.tests.iteration4_test" name="test_chat_english_baseline" time="2.475" /><testcase classname="backend.tests.iteration4_test" name="test_chat_hindi_romanized" time="3.350" /><testcase classname="backend.tests.iteration4_test" name="test_chat_spanish_out_of_scope" time="1.919" /><testcase classname="backend.tests.iteration4_test" name="test_chat_english_out_of_scope_fallback" time="1.116" /><testcase classname="backend.tests.iteration4_test" name="test_admin_analytics_still_works" time="0.170" /><testcase classname="backend.tests.iteration4_test" name="test_admin_conversations_list" time="0.125" /></testsuite></testsuites>