<?xml version="1.0" encoding="utf-8"?><testsuites name="pytest tests"><testsuite name="pytest" errors="0" failures="0" skipped="0" tests="13" time="11.791" timestamp="2026-06-04T09:30:15.200474+00:00" hostname="agent-env-ee2e90ea-94bd-4eef-8cc2-c4f13a7d8288"><testcase classname="backend.tests.iteration2_test" name="test_forgot_password_unknown_email_returns_ok" time="0.159" /><testcase classname="backend.tests.iteration2_test" name="test_password_reset_full_flow" time="1.613" /><testcase classname="backend.tests.iteration2_test" name="test_reset_password_invalid_token" time="0.109" /><testcase classname="backend.tests.iteration2_test" name="test_admin_password_safety" time="0.327" /><testcase classname="backend.tests.iteration2_test" name="test_list_trained_answers" time="0.455" /><testcase classname="backend.tests.iteration2_test" name="test_update_trained_answer" time="0.055" /><testcase classname="backend.tests.iteration2_test" name="test_user_cannot_create_trained_answer" time="0.396" /><testcase classname="backend.tests.iteration2_test" name="test_get_fallback_config_requires_auth" time="0.102" /><testcase classname="backend.tests.iteration2_test" name="test_get_fallback_config_authed" time="0.062" /><testcase classname="backend.tests.iteration2_test" name="test_update_fallback_config" time="0.110" /><testcase classname="backend.tests.iteration2_test" name="test_chat_unknown_question_creates_unanswered" time="7.655" /><testcase classname="backend.tests.iteration2_test" name="test_delete_ticket" time="0.290" /><testcase classname="backend.tests.iteration2_test" name="test_zzz_admin_password_unchanged" time="0.392" /></testsuite></testsuites>