<?xml version="1.0" encoding="utf-8"?><testsuites name="pytest tests"><testsuite name="pytest" errors="0" failures="0" skipped="0" tests="8" time="2.361" timestamp="2026-06-04T09:50:26.751156+00:00" hostname="agent-env-ee2e90ea-94bd-4eef-8cc2-c4f13a7d8288"><testcase classname="backend.tests.iteration3_test.TestAnalyticsCharts" name="test_charts_endpoint" time="0.574" /><testcase classname="backend.tests.iteration3_test.TestAnalyticsCharts" name="test_charts_requires_auth" time="0.136" /><testcase classname="backend.tests.iteration3_test.TestAdminConversations" name="test_list_conversations" time="0.058" /><testcase classname="backend.tests.iteration3_test.TestAdminConversations" name="test_review_flow" time="1.032" /><testcase classname="backend.tests.iteration3_test.TestSuggestionConfig" name="test_ai_config_has_suggestion_fields" time="0.053" /><testcase classname="backend.tests.iteration3_test.TestSuggestionConfig" name="test_update_suggestion_config" time="0.176" /><testcase classname="backend.tests.iteration3_test.TestZeroHallucinationFlow" name="test_no_kb_match_returns_fallback_event" time="0.204" /><testcase classname="backend.tests.iteration3_test.TestZeroHallucinationFlow" name="test_fallback_config_endpoint" time="0.047" /></testsuite></testsuites>