<?xml version="1.0" encoding="utf-8"?><testsuites name="pytest tests"><testsuite name="pytest" errors="0" failures="0" skipped="0" tests="10" time="14.156" timestamp="2026-06-11T12:19:18.946529+00:00" hostname="agent-env-850bd8fe-d05b-42ba-ae9b-b926ea0fade5"><testcase classname="backend.tests.iteration9_test" name="test_router_semantic_dynamic_qr" time="6.174" /><testcase classname="backend.tests.iteration9_test" name="test_router_out_of_scope_module_fallback" time="1.568" /><testcase classname="backend.tests.iteration9_test" name="test_router_direct_serve_verbatim" time="0.203" /><testcase classname="backend.tests.iteration9_test" name="test_router_toggle_off_disables" time="0.340" /><testcase classname="backend.tests.iteration9_test" name="test_smart_gap_pending_resolution_hidden" time="1.730" /><testcase classname="backend.tests.iteration9_test" name="test_smart_gap_cleanup_on_direct_serve" time="1.772" /><testcase classname="backend.tests.iteration9_test" name="test_smart_gap_oos_visible" time="1.632" /><testcase classname="backend.tests.iteration9_test" name="test_admin_users_hides_end_users" time="0.056" /><testcase classname="backend.tests.iteration9_test" name="test_google_session_missing_returns_400" time="0.178" /><testcase classname="backend.tests.iteration9_test" name="test_google_session_invalid_returns_401_or_500" time="0.252" /></testsuite></testsuites>