<?xml version="1.0" encoding="utf-8"?><testsuites name="pytest tests"><testsuite name="pytest" errors="0" failures="1" skipped="0" tests="7" time="6.551" timestamp="2026-06-06T05:58:08.532786+00:00" hostname="agent-env-850bd8fe-d05b-42ba-ae9b-b926ea0fade5"><testcase classname="backend.tests.iteration7_test" name="test_vague_query_returns_suggestions[digital signature]" time="2.519" /><testcase classname="backend.tests.iteration7_test" name="test_vague_query_returns_suggestions[biziverse]" time="0.536" /><testcase classname="backend.tests.iteration7_test" name="test_vague_query_returns_suggestions[sales order]" time="0.730" /><testcase classname="backend.tests.iteration7_test" name="test_vague_query_returns_suggestions[eway bill]" time="0.666" /><testcase classname="backend.tests.iteration7_test" name="test_specific_query_returns_direct_answer[What is Biziverse?]" time="0.606" /><testcase classname="backend.tests.iteration7_test" name="test_specific_query_returns_direct_answer[How to generate e-Way Bill Directly from Biziverse?]" time="1.268"><failure message="AssertionError: 'How to generate e-Way Bill Directly from Biziverse?' did not stream tokens. Types: ['suggestions', 'done']&#10;assert 0 &gt;= 1&#10; +  where 0 = len([])">backend/tests/iteration7_test.py:87: in test_specific_query_returns_direct_answer
    assert len(token_events) &gt;= 1, f"'{query}' did not stream tokens. Types: {types}"
E   AssertionError: 'How to generate e-Way Bill Directly from Biziverse?' did not stream tokens. Types: ['suggestions', 'done']
E   assert 0 &gt;= 1
E    +  where 0 = len([])</failure></testcase><testcase classname="backend.tests.iteration7_test" name="test_cleanup" time="0.052" /></testsuite></testsuites>