<?xml version="1.0" encoding="utf-8"?><testsuites name="pytest tests"><testsuite name="pytest" errors="0" failures="0" skipped="0" tests="20" time="9.663" timestamp="2026-06-04T07:31:21.043711+00:00" hostname="agent-env-ee2e90ea-94bd-4eef-8cc2-c4f13a7d8288"><testcase classname="backend.tests.backend_test" name="test_root" time="0.283" /><testcase classname="backend.tests.backend_test" name="test_login_invalid" time="0.105" /><testcase classname="backend.tests.backend_test" name="test_login_admin_success" time="0.390" /><testcase classname="backend.tests.backend_test" name="test_register_and_me" time="0.409" /><testcase classname="backend.tests.backend_test" name="test_register_duplicate" time="0.046" /><testcase classname="backend.tests.backend_test" name="test_list_modules_contains_created" time="0.125" /><testcase classname="backend.tests.backend_test" name="test_list_topics_filtered" time="0.236" /><testcase classname="backend.tests.backend_test" name="test_get_item" time="0.151" /><testcase classname="backend.tests.backend_test" name="test_search_knowledge" time="0.059" /><testcase classname="backend.tests.backend_test" name="test_list_resources" time="0.125" /><testcase classname="backend.tests.backend_test" name="test_admin_list_users" time="0.057" /><testcase classname="backend.tests.backend_test" name="test_user_cannot_list_users" time="0.046" /><testcase classname="backend.tests.backend_test" name="test_get_ai_config" time="0.053" /><testcase classname="backend.tests.backend_test" name="test_public_announcements_visible" time="0.177" /><testcase classname="backend.tests.backend_test" name="test_admin_analytics" time="0.054" /><testcase classname="backend.tests.backend_test" name="test_list_conversations" time="0.092" /><testcase classname="backend.tests.backend_test" name="test_send_message_sse" time="6.377" /><testcase classname="backend.tests.backend_test" name="test_submit_feedback" time="0.162" /><testcase classname="backend.tests.backend_test" name="test_create_ticket" time="0.123" /><testcase classname="backend.tests.backend_test" name="test_admin_sees_ticket" time="0.270" /></testsuite></testsuites>